[db_loader] Loaded 340 analysis results from DB for 2026-05-13
[gate_checker] DB: loaded 340 candidates
[gate_checker] Systemic gate failures (>80%): points ['10', '12', '15', '16', '3', '4', '5', '6'] — discounted for tier assignment
[gate_checker] JSON: /Users/mkoziol/projects/bet/betting/data/2026-05-13_s7_gate_results.json
[gate_checker] Markdown: /Users/mkoziol/projects/bet/betting/data/2026-05-13_s7_gate_results.md
[db_loader] Saved 340 gate results to DB (skipped 0)
{"ts": "2026-05-13T07:31:23", "step": "s7_gate", "event": "db_write", "saved": 340}
{"ts": "2026-05-13T07:31:23", "step": "s7_gate", "event": "candidate", "event_name": "Elina Svitolina vs Elena Rybakina", "sport": "tennis", "bucket": "approved", "gate_score": "12/18", "tier": "HR"}
{"ts": "2026-05-13T07:31:23", "step": "s7_gate", "event": "candidate", "event_name": "Independiente Santa Fe vs América de Cali", "sport": "football", "bucket": "approved", "gate_score": "12/18", "tier": "HR"}
{"ts": "2026-05-13T07:31:23", "step": "s7_gate", "event": "candidate", "event_name": "Eunyeong Park vs Na Ri Kim", "sport": "tennis", "bucket": "approved", "gate_score": "12/18", "tier": "HR"}
{"ts": "2026-05-13T07:31:23", "step": "s7_gate", "event": "candidate", "event_name": "Nanari Katsumi vs Yujin Kim", "sport": "tennis", "bucket": "approved", "gate_score": "12/18", "tier": "HR"}
{"ts": "2026-05-13T07:31:23", "step": "s7_gate", "event": "candidate", "event_name": "Diane Parry vs Chloe Paquet", "sport": "tennis", "bucket": "approved", "gate_score": "12/18", "tier": "HR"}
{"ts": "2026-05-13T07:31:23", "step": "s7_gate", "event": "candidate", "event_name": "Luca Van Assche vs Juan Manuel Cerundolo", "sport": "tennis", "bucket": "approved", "gate_score": "12/18", "tier": "HR"}
{"ts": "2026-05-13T07:31:23", "step": "s7_gate", "event": "candidate", "event_name": "Dallas Wings vs Atlanta Dream", "sport": "basketball", "bucket": "approved", "gate_score": "12/18", "tier": "HR"}
{"ts": "2026-05-13T07:31:23", "step": "s7_gate", "event": "candidate", "event_name": "Manchester City vs Crystal Palace", "sport": "football", "bucket": "approved", "gate_score": "11/18", "tier": "HR"}
{"ts": "2026-05-13T07:31:23", "step": "s7_gate", "event": "candidate", "event_name": "Cruzeiro vs Goiás", "sport": "football", "bucket": "approved", "gate_score": "11/18", "tier": "HR"}
{"ts": "2026-05-13T07:31:23", "step": "s7_gate", "event": "candidate", "event_name": "Fluminense vs Operário-PR", "sport": "football", "bucket": "approved", "gate_score": "11/18", "tier": "HR"}
{"ts": "2026-05-13T07:31:23", "step": "s7_gate", "event": "candidate", "event_name": "Seokhyeon Chu vs Sanhui Shin", "sport": "tennis", "bucket": "approved", "gate_score": "11/18", "tier": "HR"}
{"ts": "2026-05-13T07:31:23", "step": "s7_gate", "event": "candidate", "event_name": "Machida Zelvia vs Tokyo Verdy", "sport": "football", "bucket": "approved", "gate_score": "11/18", "tier": "HR"}
{"ts": "2026-05-13T07:31:23", "step": "s7_gate", "event": "candidate", "event_name": "Vissel Kobe vs Kyoto Sanga FC", "sport": "football", "bucket": "approved", "gate_score": "11/18", "tier": "HR"}
{"ts": "2026-05-13T07:31:23", "step": "s7_gate", "event": "candidate", "event_name": "Amy Zhu vs Dayeon Back", "sport": "tennis", "bucket": "approved", "gate_score": "10/18", "tier": "HR"}
{"ts": "2026-05-13T07:31:23", "step": "s7_gate", "event": "candidate", "event_name": "Ya-Hsuan Lee vs Sofya Lansere", "sport": "tennis", "bucket": "approved", "gate_score": "10/18", "tier": "HR"}
{"ts": "2026-05-13T07:31:23", "step": "s7_gate", "event": "candidate", "event_name": "Otto Virtanen vs Giovanni Mpetshi Perricard", "sport": "tennis", "bucket": "approved", "gate_score": "11/18", "tier": "HR"}
{"ts": "2026-05-13T07:31:23", "step": "s7_gate", "event": "candidate", "event_name": "Aleksandar Kovacevic vs Daniel Merida", "sport": "tennis", "bucket": "approved", "gate_score": "11/18", "tier": "HR"}
{"ts": "2026-05-13T07:31:23", "step": "s7_gate", "event": "candidate", "event_name": "Seonyong Han vs Sora Fukuda", "sport": "tennis", "bucket": "approved", "gate_score": "9/18", "tier": "HR"}
{"ts": "2026-05-13T07:31:23", "step": "s7_gate", "event": "candidate", "event_name": "Jake Dembo vs Benjamin O'Connell", "sport": "tennis", "bucket": "approved", "gate_score": "9/18", "tier": "HR"}
{"ts": "2026-05-13T07:31:23", "step": "s7_gate", "event": "candidate", "event_name": "Alberto Barroso Campos vs Luis Garcia Paez", "sport": "tennis", "bucket": "approved", "gate_score": "10/18", "tier": "HR"}
{"ts": "2026-05-13T07:31:23", "step": "s7_gate", "event": "candidate", "event_name": "Yaroslav Demin vs Esteban Talavera Cortes", "sport": "tennis", "bucket": "approved", "gate_score": "10/18", "tier": "HR"}
{"ts": "2026-05-13T07:31:23", "step": "s7_gate", "event": "candidate", "event_name": "Michael (2007) Smith vs Marshall Tutu", "sport": "tennis", "bucket": "approved", "gate_score": "10/18", "tier": "HR"}
{"ts": "2026-05-13T07:31:23", "step": "s7_gate", "event": "candidate", "event_name": "Anastasia Zakharova vs Katie Boulter", "sport": "tennis", "bucket": "approved", "gate_score": "11/18", "tier": "HR"}
{"ts": "2026-05-13T07:31:23", "step": "s7_gate", "event": "candidate", "event_name": "CD Boston College vs Colo Colo", "sport": "basketball", "bucket": "approved", "gate_score": "10/18", "tier": "HR"}
{"ts": "2026-05-13T07:31:23", "step": "s7_gate", "event": "candidate", "event_name": "Ryeong Gyeong Park vs Liuyan An", "sport": "tennis", "bucket": "approved", "gate_score": "10/18", "tier": "HR"}
{"ts": "2026-05-13T07:31:23", "step": "s7_gate", "event": "candidate", "event_name": "Argentinos Juniors vs Huracán", "sport": "football", "bucket": "approved", "gate_score": "11/18", "tier": "HR"}
{"ts": "2026-05-13T07:31:23", "step": "s7_gate", "event": "candidate", "event_name": "Natsuho Arakawa vs Sara Saito", "sport": "tennis", "bucket": "approved", "gate_score": "10/18", "tier": "HR"}
{"ts": "2026-05-13T07:31:23", "step": "s7_gate", "event": "candidate", "event_name": "Maximus Jones vs Amit Vales", "sport": "tennis", "bucket": "approved", "gate_score": "11/18", "tier": "HR"}
{"ts": "2026-05-13T07:31:23", "step": "s7_gate", "event": "candidate", "event_name": "San Antonio Spurs vs Minnesota Timberwolves", "sport": "basketball", "bucket": "approved", "gate_score": "11/18", "tier": "HR"}
{"ts": "2026-05-13T07:31:23", "step": "s7_gate", "event": "candidate", "event_name": "Phoenix Mercury vs Minnesota Lynx", "sport": "basketball", "bucket": "approved", "gate_score": "11/18", "tier": "HR"}
{"ts": "2026-05-13T07:31:23", "step": "s7_gate", "event": "candidate", "event_name": "Portland Fire vs New York Liberty", "sport": "basketball", "bucket": "approved", "gate_score": "11/18", "tier": "HR"}
{"ts": "2026-05-13T07:31:23", "step": "s7_gate", "event": "candidate", "event_name": "Yulia Putintseva vs Veronika Podrez", "sport": "tennis", "bucket": "approved", "gate_score": "11/18", "tier": "HR"}
{"ts": "2026-05-13T07:31:23", "step": "s7_gate", "event": "candidate", "event_name": "Ella Seidel vs Denislava Glushkova", "sport": "tennis", "bucket": "approved", "gate_score": "10/18", "tier": "HR"}
{"ts": "2026-05-13T07:31:23", "step": "s7_gate", "event": "candidate", "event_name": "Chengyiyi Yuan vs Alina Trynkina", "sport": "tennis", "bucket": "approved", "gate_score": "10/18", "tier": "HR"}
{"ts": "2026-05-13T07:31:23", "step": "s7_gate", "event": "candidate", "event_name": "Sun-min Ha vs Lisa Kamigata", "sport": "tennis", "bucket": "approved", "gate_score": "10/18", "tier": "HR"}
{"ts": "2026-05-13T07:31:23", "step": "s7_gate", "event": "candidate", "event_name": "Misaki Matsuda vs Jeongha Oh", "sport": "tennis", "bucket": "approved", "gate_score": "11/18", "tier": "HR"}
{"ts": "2026-05-13T07:31:23", "step": "s7_gate", "event": "candidate", "event_name": "Haruka Kaji vs Emily Appleton", "sport": "tennis", "bucket": "approved", "gate_score": "10/18", "tier": "HR"}
{"ts": "2026-05-13T07:31:23", "step": "s7_gate", "event": "candidate", "event_name": "Anastasiia Sobolieva vs Aliona Falei", "sport": "tennis", "bucket": "approved", "gate_score": "10/18", "tier": "HR"}
{"ts": "2026-05-13T07:31:23", "step": "s7_gate", "event": "candidate", "event_name": "Katherine Sebov vs Lisa Zaar", "sport": "tennis", "bucket": "approved", "gate_score": "9/18", "tier": "HR"}
{"ts": "2026-05-13T07:31:23", "step": "s7_gate", "event": "candidate", "event_name": "Lan Mi vs Love-Star Alexis", "sport": "tennis", "bucket": "approved", "gate_score": "10/18", "tier": "HR"}
{"ts": "2026-05-13T07:31:23", "step": "s7_gate", "event": "candidate", "event_name": "Woobin Shin vs Juchan Hwang", "sport": "tennis", "bucket": "approved", "gate_score": "10/18", "tier": "HR"}
{"ts": "2026-05-13T07:31:23", "step": "s7_gate", "event": "candidate", "event_name": "Lachlan James McFadzean vs Boxiong Zhang", "sport": "tennis", "bucket": "approved", "gate_score": "9/18", "tier": "HR"}
{"ts": "2026-05-13T07:31:23", "step": "s7_gate", "event": "candidate", "event_name": "X. Matas Ortega vs Emilien Demanet", "sport": "tennis", "bucket": "approved", "gate_score": "10/18", "tier": "HR"}
{"ts": "2026-05-13T07:31:23", "step": "s7_gate", "event": "candidate", "event_name": "Caijsa Wilda Hennemann vs Giorgia Pedone", "sport": "tennis", "bucket": "approved", "gate_score": "10/18", "tier": "HR"}
{"ts": "2026-05-13T07:31:23", "step": "s7_gate", "event": "candidate", "event_name": "Raphael Collignon vs Geoffrey Blancaneaux", "sport": "tennis", "bucket": "approved", "gate_score": "10/18", "tier": "HR"}
{"ts": "2026-05-13T07:31:23", "step": "s7_gate", "event": "candidate", "event_name": "Tiago Pereira vs Emilio Nava", "sport": "tennis", "bucket": "approved", "gate_score": "10/18", "tier": "HR"}
{"ts": "2026-05-13T07:31:23", "step": "s7_gate", "event": "candidate", "event_name": "Alycia Parks vs Susan Bandecchi", "sport": "tennis", "bucket": "approved", "gate_score": "10/18", "tier": "HR"}
{"ts": "2026-05-13T07:31:23", "step": "s7_gate", "event": "candidate", "event_name": "Jan Choinski vs Juan Pablo Ficovich", "sport": "tennis", "bucket": "approved", "gate_score": "9/18", "tier": "HR"}
{"ts": "2026-05-13T07:31:23", "step": "s7_gate", "event": "candidate", "event_name": "Cheng En Yu vs Jatin Nain", "sport": "tennis", "bucket": "approved", "gate_score": "10/18", "tier": "HR"}
{"ts": "2026-05-13T07:31:23", "step": "s7_gate", "event": "candidate", "event_name": "Ulsan HD vs Jeju SK", "sport": "football", "bucket": "approved", "gate_score": "12/18", "tier": "HR"}
{"ts": "2026-05-13T07:31:23", "step": "s7_gate", "event": "candidate", "event_name": "Vegas Golden Knights vs Anaheim Ducks", "sport": "hockey", "bucket": "approved", "gate_score": "11/18", "tier": "HR"}
{"ts": "2026-05-13T07:31:23", "step": "s7_gate", "event": "candidate", "event_name": "Pierre Delage vs Roman Andres Burruchaga", "sport": "tennis", "bucket": "approved", "gate_score": "9/18", "tier": "HR"}
{"ts": "2026-05-13T07:31:23", "step": "s7_gate", "event": "candidate", "event_name": "Lexue Xiao vs Niehua Tian", "sport": "tennis", "bucket": "approved", "gate_score": "9/18", "tier": "HR"}
{"ts": "2026-05-13T07:31:23", "step": "s7_gate", "event": "candidate", "event_name": "Club Aurora vs CDT Real Oruro", "sport": "football", "bucket": "approved", "gate_score": "10/18", "tier": "HR"}
{"ts": "2026-05-13T07:31:23", "step": "s7_gate", "event": "candidate", "event_name": "Yuto Oki vs Yeonsu Jeong", "sport": "tennis", "bucket": "approved", "gate_score": "10/18", "tier": "HR"}
{"ts": "2026-05-13T07:31:23", "step": "s7_gate", "event": "candidate", "event_name": "Yujin Ahn vs Lingyou Ge", "sport": "tennis", "bucket": "approved", "gate_score": "9/18", "tier": "HR"}
{"ts": "2026-05-13T07:31:23", "step": "s7_gate", "event": "candidate", "event_name": "Barbora Krejčiková vs Anna-Lena Friedsam", "sport": "tennis", "bucket": "approved", "gate_score": "10/18", "tier": "HR"}
{"ts": "2026-05-13T07:31:23", "step": "s7_gate", "event": "candidate", "event_name": "Marcus Schoeman vs Scott Jones", "sport": "tennis", "bucket": "approved", "gate_score": "10/18", "tier": "HR"}
{"ts": "2026-05-13T07:31:23", "step": "s7_gate", "event": "candidate", "event_name": "Nicolai Budkov Kjaer vs Miomir Kecmanović", "sport": "tennis", "bucket": "approved", "gate_score": "10/18", "tier": "HR"}
{"ts": "2026-05-13T07:31:23", "step": "s7_gate", "event": "candidate", "event_name": "Uisung Park vs Lingxi Zhao", "sport": "tennis", "bucket": "approved", "gate_score": "10/18", "tier": "HR"}
{"ts": "2026-05-13T07:31:23", "step": "s7_gate", "event": "candidate", "event_name": "Sohyun Park vs Maria Kalyakina", "sport": "tennis", "bucket": "approved", "gate_score": "10/18", "tier": "HR"}
{"ts": "2026-05-13T07:31:23", "step": "s7_gate", "event": "candidate", "event_name": "Akira Santillan vs Sungbeen Sim", "sport": "tennis", "bucket": "approved", "gate_score": "10/18", "tier": "HR"}
{"ts": "2026-05-13T07:31:23", "step": "s7_gate", "event": "candidate", "event_name": "Seungmin Park vs Junhyun Lee", "sport": "tennis", "bucket": "approved", "gate_score": "10/18", "tier": "HR"}
{"ts": "2026-05-13T07:31:23", "step": "s7_gate", "event": "candidate", "event_name": "Wenze Li vs Ashton McLeod", "sport": "tennis", "bucket": "approved", "gate_score": "10/18", "tier": "HR"}
{"ts": "2026-05-13T07:31:23", "step": "s7_gate", "event": "candidate", "event_name": "Jack Bruce-Smith vs Weiwen Pan", "sport": "tennis", "bucket": "approved", "gate_score": "11/18", "tier": "HR"}
{"ts": "2026-05-13T07:31:23", "step": "s7_gate", "event": "candidate", "event_name": "Julia Avdeeva vs Carol Young-suh Lee", "sport": "tennis", "bucket": "approved", "gate_score": "10/18", "tier": "HR"}
{"ts": "2026-05-13T07:31:23", "step": "s7_gate", "event": "candidate", "event_name": "Nina Vargova vs Anouk Koevermans", "sport": "tennis", "bucket": "approved", "gate_score": "10/18", "tier": "HR"}
{"ts": "2026-05-13T07:31:23", "step": "s7_gate", "event": "candidate", "event_name": "Lea Bošković vs Irene Burillo", "sport": "tennis", "bucket": "approved", "gate_score": "10/18", "tier": "HR"}
{"ts": "2026-05-13T07:31:23", "step": "s7_gate", "event": "candidate", "event_name": "Laurent Lokoli vs Federico Agustin Gomez", "sport": "tennis", "bucket": "approved", "gate_score": "11/18", "tier": "HR"}
{"ts": "2026-05-13T07:31:23", "step": "s7_gate", "event": "candidate", "event_name": "Bryan Dickson vs Minh Phat Nguyen", "sport": "tennis", "bucket": "approved", "gate_score": "10/18", "tier": "HR"}
{"ts": "2026-05-13T07:31:23", "step": "s7_gate", "event": "candidate", "event_name": "Luke Cripps vs Dai Khanh Nguyen", "sport": "tennis", "bucket": "approved", "gate_score": "10/18", "tier": "HR"}
{"ts": "2026-05-13T07:31:23", "step": "s7_gate", "event": "candidate", "event_name": "Lucija Ćirić-Bagarić vs Xinran Sun", "sport": "tennis", "bucket": "approved", "gate_score": "10/18", "tier": "HR"}
{"ts": "2026-05-13T07:31:23", "step": "s7_gate", "event": "candidate", "event_name": "Jintao Lan vs Te Rigele", "sport": "tennis", "bucket": "approved", "gate_score": "10/18", "tier": "HR"}
{"ts": "2026-05-13T07:31:23", "step": "s7_gate", "event": "candidate", "event_name": "Kenny De Schepper vs Thomas Gerbaud", "sport": "tennis", "bucket": "approved", "gate_score": "10/18", "tier": "HR"}
{"ts": "2026-05-13T07:31:23", "step": "s7_gate", "event": "candidate", "event_name": "Jamie Mackenzie vs Jack Loge", "sport": "tennis", "bucket": "approved", "gate_score": "10/18", "tier": "HR"}
{"ts": "2026-05-13T07:31:23", "step": "s7_gate", "event": "candidate", "event_name": "Lilian Poling vs Joulia Cristiana Cirstea", "sport": "tennis", "bucket": "approved", "gate_score": "10/18", "tier": "HR"}
{"ts": "2026-05-13T07:31:23", "step": "s7_gate", "event": "candidate", "event_name": "Henri Squire vs Daniel Altmaier", "sport": "tennis", "bucket": "approved", "gate_score": "11/18", "tier": "HR"}
{"ts": "2026-05-13T07:31:23", "step": "s7_gate", "event": "candidate", "event_name": "Leones De Santo Domingo vs Titanes del Distrito Nacional", "sport": "basketball", "bucket": "approved", "gate_score": "9/18", "tier": "HR"}
{"ts": "2026-05-13T07:31:23", "step": "s7_gate", "event": "candidate", "event_name": "Kudrivka vs Rukh Lviv", "sport": "football", "bucket": "approved", "gate_score": "10/18", "tier": "HR"}
{"ts": "2026-05-13T07:31:23", "step": "s7_gate", "event": "candidate", "event_name": "TNT Tropang 5G vs NLEX Road Warriors", "sport": "basketball", "bucket": "extended_pool", "gate_score": "9/18", "tier": "HR"}
{"ts": "2026-05-13T07:31:23", "step": "s7_gate", "event": "candidate", "event_name": "Magnolia Chicken Timplados vs Meralco Bolts", "sport": "basketball", "bucket": "extended_pool", "gate_score": "9/18", "tier": "HR"}
{"ts": "2026-05-13T07:31:23", "step": "s7_gate", "event": "candidate", "event_name": "Bucheon FC 1995 vs Jeonbuk Hyundai Motors", "sport": "football", "bucket": "extended_pool", "gate_score": "9/18", "tier": "HR"}
{"ts": "2026-05-13T07:31:23", "step": "s7_gate", "event": "candidate", "event_name": "FC Anyang vs Gimcheon Sangmu FC", "sport": "football", "bucket": "extended_pool", "gate_score": "9/18", "tier": "HR"}
{"ts": "2026-05-13T07:31:23", "step": "s7_gate", "event": "candidate", "event_name": "Marineros De Puerto Plata vs Reales De La Vega", "sport": "basketball", "bucket": "extended_pool", "gate_score": "9/18", "tier": "HR"}
{"ts": "2026-05-13T07:31:23", "step": "s7_gate", "event": "candidate", "event_name": "Abejas de León vs Panteras Aguascalientes", "sport": "basketball", "bucket": "extended_pool", "gate_score": "9/18", "tier": "HR"}
{"ts": "2026-05-13T07:31:23", "step": "s7_gate", "event": "candidate", "event_name": "Cb Santos Del Potosi vs El Calor de Cancún", "sport": "basketball", "bucket": "extended_pool", "gate_score": "9/18", "tier": "HR"}
{"ts": "2026-05-13T07:31:23", "step": "s7_gate", "event": "candidate", "event_name": "BC Kutaisi vs Batumi RSU", "sport": "basketball", "bucket": "extended_pool", "gate_score": "9/18", "tier": "HR"}
{"ts": "2026-05-13T07:31:23", "step": "s7_gate", "event": "candidate", "event_name": "Agustina Soto Neira vs Josephine Kunz", "sport": "tennis", "bucket": "extended_pool", "gate_score": "9/18", "tier": "HR"}
{"ts": "2026-05-13T07:31:23", "step": "s7_gate", "event": "candidate", "event_name": "Ksenia Laskutova vs Sofia Avataneo", "sport": "tennis", "bucket": "extended_pool", "gate_score": "9/18", "tier": "HR"}
{"ts": "2026-05-13T07:31:23", "step": "s7_gate", "event": "candidate", "event_name": "Maayan Laron vs Mika Buchnik", "sport": "tennis", "bucket": "extended_pool", "gate_score": "9/18", "tier": "HR"}
{"ts": "2026-05-13T07:31:23", "step": "s7_gate", "event": "candidate", "event_name": "Sasha Natalie Chimedza vs Darja Suvirdjonkova", "sport": "tennis", "bucket": "extended_pool", "gate_score": "9/18", "tier": "HR"}
{"ts": "2026-05-13T07:31:23", "step": "s7_gate", "event": "candidate", "event_name": "Saumya Vig vs Kelebogile Monnayoo", "sport": "tennis", "bucket": "extended_pool", "gate_score": "9/18", "tier": "HR"}
{"ts": "2026-05-13T07:31:23", "step": "s7_gate", "event": "candidate", "event_name": "Tanisha Kashyap vs Maddalena Giordano", "sport": "tennis", "bucket": "extended_pool", "gate_score": "9/18", "tier": "HR"}
{"ts": "2026-05-13T07:31:23", "step": "s7_gate", "event": "candidate", "event_name": "Abhilasha Bista vs Onalee Wagner", "sport": "tennis", "bucket": "extended_pool", "gate_score": "9/18", "tier": "HR"}
{"ts": "2026-05-13T07:31:23", "step": "s7_gate", "event": "candidate", "event_name": "Woong BI Lee vs Duckhee Lee", "sport": "tennis", "bucket": "extended_pool", "gate_score": "9/18", "tier": "HR"}
{"ts": "2026-05-13T07:31:23", "step": "s7_gate", "event": "candidate", "event_name": "Hikaru Shiraishi vs Hoyoung Roh", "sport": "tennis", "bucket": "extended_pool", "gate_score": "9/18", "tier": "HR"}
{"ts": "2026-05-13T07:31:23", "step": "s7_gate", "event": "candidate", "event_name": "Yunseok Jang vs Tai Leonard Sach", "sport": "tennis", "bucket": "extended_pool", "gate_score": "9/18", "tier": "HR"}
{"ts": "2026-05-13T07:31:23", "step": "s7_gate", "event": "candidate", "event_name": "Keisuke Saitoh vs Ko Suzuki", "sport": "tennis", "bucket": "extended_pool", "gate_score": "9/18", "tier": "HR"}
{"ts": "2026-05-13T07:31:23", "step": "s7_gate", "event": "candidate", "event_name": "Shinji Hazawa vs Thomas Edwards", "sport": "tennis", "bucket": "extended_pool", "gate_score": "9/18", "tier": "HR"}
{"ts": "2026-05-13T07:31:23", "step": "s7_gate", "event": "candidate", "event_name": "Giovanni Ciocca vs Udit Kamboj", "sport": "tennis", "bucket": "extended_pool", "gate_score": "9/18", "tier": "HR"}
{"ts": "2026-05-13T07:31:23", "step": "s7_gate", "event": "candidate", "event_name": "Rafael Giotis vs Allan Gatoto", "sport": "tennis", "bucket": "extended_pool", "gate_score": "9/18", "tier": "HR"}
{"ts": "2026-05-13T07:31:23", "step": "s7_gate", "event": "candidate", "event_name": "Rayan Sajjid Koothrat vs Lev Seidman", "sport": "tennis", "bucket": "extended_pool", "gate_score": "9/18", "tier": "HR"}
{"ts": "2026-05-13T07:31:23", "step": "s7_gate", "event": "candidate", "event_name": "Rocco Piatti vs Marko Milosavljevic", "sport": "tennis", "bucket": "extended_pool", "gate_score": "9/18", "tier": "HR"}
{"ts": "2026-05-13T07:31:23", "step": "s7_gate", "event": "candidate", "event_name": "Stefan Storch vs Matteo Covato", "sport": "tennis", "bucket": "extended_pool", "gate_score": "9/18", "tier": "HR"}
{"ts": "2026-05-13T07:31:23", "step": "s7_gate", "event": "candidate", "event_name": "Stefan Vujic vs Mark Nawa", "sport": "tennis", "bucket": "extended_pool", "gate_score": "9/18", "tier": "HR"}
{"ts": "2026-05-13T07:31:23", "step": "s7_gate", "event": "candidate", "event_name": "Ty Host vs Constantin Bittoun Kouzmine", "sport": "tennis", "bucket": "extended_pool", "gate_score": "9/18", "tier": "HR"}
{"ts": "2026-05-13T07:31:23", "step": "s7_gate", "event": "candidate", "event_name": "Gray Voelzke vs Edison Ambarzumjan", "sport": "tennis", "bucket": "extended_pool", "gate_score": "9/18", "tier": "HR"}
{"ts": "2026-05-13T07:31:23", "step": "s7_gate", "event": "candidate", "event_name": "Arthur Weber vs Jack Karlsson Wistrand", "sport": "tennis", "bucket": "extended_pool", "gate_score": "9/18", "tier": "HR"}
{"ts": "2026-05-13T07:31:23", "step": "s7_gate", "event": "candidate", "event_name": "Daniel De Jonge vs Thomas George Brun", "sport": "tennis", "bucket": "extended_pool", "gate_score": "9/18", "tier": "HR"}
{"ts": "2026-05-13T07:31:23", "step": "s7_gate", "event": "candidate", "event_name": "Edouard Villoslada vs Finn Murgett", "sport": "tennis", "bucket": "extended_pool", "gate_score": "9/18", "tier": "HR"}
{"ts": "2026-05-13T07:31:23", "step": "s7_gate", "event": "candidate", "event_name": "Hugo Cardinaud vs Louis Larue", "sport": "tennis", "bucket": "extended_pool", "gate_score": "9/18", "tier": "HR"}
{"ts": "2026-05-13T07:31:23", "step": "s7_gate", "event": "candidate", "event_name": "Mohamed Nazim Makhlouf vs Nicolas Jadoun", "sport": "tennis", "bucket": "extended_pool", "gate_score": "9/18", "tier": "HR"}
{"ts": "2026-05-13T07:31:23", "step": "s7_gate", "event": "candidate", "event_name": "Rocco Valente vs Mateja Stanisavljević", "sport": "tennis", "bucket": "extended_pool", "gate_score": "9/18", "tier": "HR"}
{"ts": "2026-05-13T07:31:23", "step": "s7_gate", "event": "candidate", "event_name": "Giannicola Misasi vs Ammar Elamin", "sport": "tennis", "bucket": "extended_pool", "gate_score": "9/18", "tier": "HR"}
{"ts": "2026-05-13T07:31:23", "step": "s7_gate", "event": "candidate", "event_name": "Jonas Eriksson Ziverts vs Matthew Carroll", "sport": "tennis", "bucket": "extended_pool", "gate_score": "9/18", "tier": "HR"}
{"ts": "2026-05-13T07:31:23", "step": "s7_gate", "event": "candidate", "event_name": "Loann Massard vs Nick Beamish", "sport": "tennis", "bucket": "extended_pool", "gate_score": "9/18", "tier": "HR"}
{"ts": "2026-05-13T07:31:23", "step": "s7_gate", "event": "candidate", "event_name": "Niccolo Ferrari vs Leo Raquillet", "sport": "tennis", "bucket": "extended_pool", "gate_score": "9/18", "tier": "HR"}
{"ts": "2026-05-13T07:31:23", "step": "s7_gate", "event": "candidate", "event_name": "Victor Paganetti vs Izan Almazan Valiente", "sport": "tennis", "bucket": "extended_pool", "gate_score": "9/18", "tier": "HR"}
{"ts": "2026-05-13T07:31:23", "step": "s7_gate", "event": "candidate", "event_name": "Julien de Cuyper vs Takuya Kumasaka", "sport": "tennis", "bucket": "extended_pool", "gate_score": "9/18", "tier": "HR"}
{"ts": "2026-05-13T07:31:23", "step": "s7_gate", "event": "candidate", "event_name": "Kamonpanyakorn Thadpong vs Matthew Dellavedova", "sport": "tennis", "bucket": "extended_pool", "gate_score": "9/18", "tier": "HR"}
{"ts": "2026-05-13T07:31:23", "step": "s7_gate", "event": "candidate", "event_name": "Jirat Navasirisomboon vs Anthony Susanto", "sport": "tennis", "bucket": "extended_pool", "gate_score": "9/18", "tier": "HR"}
{"ts": "2026-05-13T07:31:23", "step": "s7_gate", "event": "candidate", "event_name": "Teerapat Khantiweerawat vs Wishaya Trongcharoenchaikul", "sport": "tennis", "bucket": "extended_pool", "gate_score": "9/18", "tier": "HR"}
{"ts": "2026-05-13T07:31:23", "step": "s7_gate", "event": "candidate", "event_name": "Thanapet Chanta vs Priyanshu Choudhary", "sport": "tennis", "bucket": "extended_pool", "gate_score": "9/18", "tier": "HR"}
{"ts": "2026-05-13T07:31:23", "step": "s7_gate", "event": "candidate", "event_name": "Pawit Sornlaksup vs Congsup Congcar", "sport": "tennis", "bucket": "extended_pool", "gate_score": "9/18", "tier": "HR"}
{"ts": "2026-05-13T07:31:23", "step": "s7_gate", "event": "candidate", "event_name": "Kasidit Samrej vs Renaldi Aqila A Salim", "sport": "tennis", "bucket": "extended_pool", "gate_score": "9/18", "tier": "HR"}
{"ts": "2026-05-13T07:31:23", "step": "s7_gate", "event": "candidate", "event_name": "Kunanan Pantaratorn vs Tsz Fu Wong", "sport": "tennis", "bucket": "extended_pool", "gate_score": "9/18", "tier": "HR"}
{"ts": "2026-05-13T07:31:23", "step": "s7_gate", "event": "candidate", "event_name": "Markus Malaszszak vs R. Rajshekhar Raman", "sport": "tennis", "bucket": "extended_pool", "gate_score": "9/18", "tier": "HR"}
{"ts": "2026-05-13T07:31:23", "step": "s7_gate", "event": "candidate", "event_name": "Penn Charusorn vs Tanakorn Srirat", "sport": "tennis", "bucket": "extended_pool", "gate_score": "9/18", "tier": "HR"}
{"ts": "2026-05-13T07:31:23", "step": "s7_gate", "event": "candidate", "event_name": "Yua Taka vs Kosuke Ogura", "sport": "tennis", "bucket": "extended_pool", "gate_score": "9/18", "tier": "HR"}
{"ts": "2026-05-13T07:31:23", "step": "s7_gate", "event": "candidate", "event_name": "Jake Delaney vs Jaesung Choe", "sport": "tennis", "bucket": "extended_pool", "gate_score": "9/18", "tier": "HR"}
{"ts": "2026-05-13T07:31:23", "step": "s7_gate", "event": "candidate", "event_name": "Taketo Takamisawa vs Taisei Ichikawa", "sport": "tennis", "bucket": "extended_pool", "gate_score": "9/18", "tier": "HR"}
{"ts": "2026-05-13T07:31:23", "step": "s7_gate", "event": "candidate", "event_name": "Charlie Pade vs Yuta Kikuchi", "sport": "tennis", "bucket": "extended_pool", "gate_score": "9/18", "tier": "HR"}
{"ts": "2026-05-13T07:31:23", "step": "s7_gate", "event": "candidate", "event_name": "Yuta Tomida vs Matthew Summers", "sport": "tennis", "bucket": "extended_pool", "gate_score": "9/18", "tier": "HR"}
{"ts": "2026-05-13T07:31:23", "step": "s7_gate", "event": "candidate", "event_name": "Toshiki Karigyo vs Zijiang Yang", "sport": "tennis", "bucket": "extended_pool", "gate_score": "9/18", "tier": "HR"}
{"ts": "2026-05-13T07:31:23", "step": "s7_gate", "event": "candidate", "event_name": "Xiaoyin Yang vs Noritaka Koizumi", "sport": "tennis", "bucket": "extended_pool", "gate_score": "9/18", "tier": "HR"}
{"ts": "2026-05-13T07:31:23", "step": "s7_gate", "event": "candidate", "event_name": "Alexander Ushakov vs Nika Bidzinashvili", "sport": "tennis", "bucket": "extended_pool", "gate_score": "9/18", "tier": "HR"}
{"ts": "2026-05-13T07:31:23", "step": "s7_gate", "event": "candidate", "event_name": "Cyril Vandermeersch vs Ori Hillel", "sport": "tennis", "bucket": "extended_pool", "gate_score": "9/18", "tier": "HR"}
{"ts": "2026-05-13T07:31:23", "step": "s7_gate", "event": "candidate", "event_name": "Sergey Fomin vs Mikhail Kulyagin", "sport": "tennis", "bucket": "extended_pool", "gate_score": "9/18", "tier": "HR"}
{"ts": "2026-05-13T07:31:23", "step": "s7_gate", "event": "candidate", "event_name": "Andre Megrabian vs Alexander Binda", "sport": "tennis", "bucket": "extended_pool", "gate_score": "9/18", "tier": "HR"}
{"ts": "2026-05-13T07:31:23", "step": "s7_gate", "event": "candidate", "event_name": "Evgeny Philippov vs Samuel de Felipe Garcia", "sport": "tennis", "bucket": "extended_pool", "gate_score": "9/18", "tier": "HR"}
{"ts": "2026-05-13T07:31:23", "step": "s7_gate", "event": "candidate", "event_name": "David Prasievi vs Evangelos Kypriotis", "sport": "tennis", "bucket": "extended_pool", "gate_score": "9/18", "tier": "HR"}
{"ts": "2026-05-13T07:31:23", "step": "s7_gate", "event": "candidate", "event_name": "Raghav Jaisinghani vs Jose Dominguez Alonso", "sport": "tennis", "bucket": "extended_pool", "gate_score": "9/18", "tier": "HR"}
{"ts": "2026-05-13T07:31:23", "step": "s7_gate", "event": "candidate", "event_name": "Vadym Ursu vs Oscar Andres Martinez De Freitas", "sport": "tennis", "bucket": "extended_pool", "gate_score": "9/18", "tier": "HR"}
{"ts": "2026-05-13T07:31:23", "step": "s7_gate", "event": "candidate", "event_name": "Daniel Rincon vs Pavel Lagutin", "sport": "tennis", "bucket": "extended_pool", "gate_score": "9/18", "tier": "HR"}
{"ts": "2026-05-13T07:31:23", "step": "s7_gate", "event": "candidate", "event_name": "Jack Kennedy vs Noah Lopez", "sport": "tennis", "bucket": "extended_pool", "gate_score": "9/18", "tier": "HR"}
{"ts": "2026-05-13T07:31:23", "step": "s7_gate", "event": "candidate", "event_name": "Maik Steiner vs Iliyan Radulov", "sport": "tennis", "bucket": "extended_pool", "gate_score": "9/18", "tier": "HR"}
{"ts": "2026-05-13T07:31:23", "step": "s7_gate", "event": "candidate", "event_name": "Marc Puigdollers Iborra vs Liam Delicata", "sport": "tennis", "bucket": "extended_pool", "gate_score": "9/18", "tier": "HR"}
{"ts": "2026-05-13T07:31:23", "step": "s7_gate", "event": "candidate", "event_name": "Sergi Perez Contri vs Keaton Hance", "sport": "tennis", "bucket": "extended_pool", "gate_score": "9/18", "tier": "HR"}
{"ts": "2026-05-13T07:31:23", "step": "s7_gate", "event": "candidate", "event_name": "Benjamín Pérez Mora vs Johan Nikles", "sport": "tennis", "bucket": "extended_pool", "gate_score": "9/18", "tier": "HR"}
{"ts": "2026-05-13T07:31:23", "step": "s7_gate", "event": "candidate", "event_name": "Tomas Curras Abasolo vs Oriol Roca Batalla", "sport": "tennis", "bucket": "extended_pool", "gate_score": "9/18", "tier": "HR"}
{"ts": "2026-05-13T07:31:23", "step": "s7_gate", "event": "candidate", "event_name": "Cristiana Nicoleta Todoni vs Lucia Natal", "sport": "tennis", "bucket": "extended_pool", "gate_score": "9/18", "tier": "HR"}
{"ts": "2026-05-13T07:31:23", "step": "s7_gate", "event": "candidate", "event_name": "Jessica Bertoldo vs Francesca Gandolfi", "sport": "tennis", "bucket": "extended_pool", "gate_score": "9/18", "tier": "HR"}
{"ts": "2026-05-13T07:31:23", "step": "s7_gate", "event": "candidate", "event_name": "Simona Ogescu vs Astrid Wanja Brune Olsen", "sport": "tennis", "bucket": "extended_pool", "gate_score": "9/18", "tier": "HR"}
{"ts": "2026-05-13T07:31:23", "step": "s7_gate", "event": "candidate", "event_name": "Alexia-Shara Iancu vs Bianca Elena Barbulescu", "sport": "tennis", "bucket": "extended_pool", "gate_score": "9/18", "tier": "HR"}
{"ts": "2026-05-13T07:31:23", "step": "s7_gate", "event": "candidate", "event_name": "Andreea Diana Soare vs Anastasia Preda", "sport": "tennis", "bucket": "extended_pool", "gate_score": "9/18", "tier": "HR"}
{"ts": "2026-05-13T07:31:23", "step": "s7_gate", "event": "candidate", "event_name": "Simona Cucu vs Sara Victoria Balan", "sport": "tennis", "bucket": "extended_pool", "gate_score": "9/18", "tier": "HR"}
{"ts": "2026-05-13T07:31:23", "step": "s7_gate", "event": "candidate", "event_name": "Tilwith Di Girolami vs Anna Pushkareva", "sport": "tennis", "bucket": "extended_pool", "gate_score": "9/18", "tier": "HR"}
{"ts": "2026-05-13T07:31:23", "step": "s7_gate", "event": "candidate", "event_name": "Daria Shubina vs Sandugash Kenzhibayeva", "sport": "tennis", "bucket": "extended_pool", "gate_score": "9/18", "tier": "HR"}
{"ts": "2026-05-13T07:31:23", "step": "s7_gate", "event": "candidate", "event_name": "Ye Xin Tang vs Xi Luo", "sport": "tennis", "bucket": "extended_pool", "gate_score": "9/18", "tier": "HR"}
{"ts": "2026-05-13T07:31:23", "step": "s7_gate", "event": "candidate", "event_name": "Anna Yang vs Tiana Tian Deng", "sport": "tennis", "bucket": "extended_pool", "gate_score": "9/18", "tier": "HR"}
{"ts": "2026-05-13T07:31:23", "step": "s7_gate", "event": "candidate", "event_name": "Duanrui Gao vs Zijun Jiang", "sport": "tennis", "bucket": "extended_pool", "gate_score": "9/18", "tier": "HR"}
{"ts": "2026-05-13T07:31:23", "step": "s7_gate", "event": "candidate", "event_name": "Amira Kaztugan vs Yatawee Chimchum", "sport": "tennis", "bucket": "extended_pool", "gate_score": "9/18", "tier": "HR"}
{"ts": "2026-05-13T07:31:23", "step": "s7_gate", "event": "candidate", "event_name": "Carolann Delaunay vs Aunchisa Chanta", "sport": "tennis", "bucket": "extended_pool", "gate_score": "9/18", "tier": "HR"}
{"ts": "2026-05-13T07:31:23", "step": "s7_gate", "event": "candidate", "event_name": "Lucia Gale vs Lidia Podgorichani", "sport": "tennis", "bucket": "extended_pool", "gate_score": "9/18", "tier": "HR"}
{"ts": "2026-05-13T07:31:23", "step": "s7_gate", "event": "candidate", "event_name": "Patcharin Cheapchandej vs Yeseo Lee", "sport": "tennis", "bucket": "extended_pool", "gate_score": "9/18", "tier": "HR"}
{"ts": "2026-05-13T07:31:23", "step": "s7_gate", "event": "candidate", "event_name": "Ksenia Meshcheryakova vs Yu Shan", "sport": "tennis", "bucket": "extended_pool", "gate_score": "9/18", "tier": "HR"}
{"ts": "2026-05-13T07:31:23", "step": "s7_gate", "event": "candidate", "event_name": "Akina Shiga vs Moeka Miyata", "sport": "tennis", "bucket": "extended_pool", "gate_score": "9/18", "tier": "HR"}
{"ts": "2026-05-13T07:31:23", "step": "s7_gate", "event": "candidate", "event_name": "Ayaho Okude Okude vs Shiho Tsujioka", "sport": "tennis", "bucket": "extended_pool", "gate_score": "9/18", "tier": "HR"}
{"ts": "2026-05-13T07:31:23", "step": "s7_gate", "event": "candidate", "event_name": "Cheuk Ying Shek vs Miyu Nishiwaki", "sport": "tennis", "bucket": "extended_pool", "gate_score": "9/18", "tier": "HR"}
{"ts": "2026-05-13T07:31:23", "step": "s7_gate", "event": "candidate", "event_name": "Honori Koyama vs Koharu Niimi", "sport": "tennis", "bucket": "extended_pool", "gate_score": "9/18", "tier": "HR"}
{"ts": "2026-05-13T07:31:23", "step": "s7_gate", "event": "candidate", "event_name": "Kanon Sawashiro vs Riho Goto", "sport": "tennis", "bucket": "extended_pool", "gate_score": "9/18", "tier": "HR"}
{"ts": "2026-05-13T07:31:23", "step": "s7_gate", "event": "candidate", "event_name": "Nana Kawagishi vs Jeong Moon", "sport": "tennis", "bucket": "extended_pool", "gate_score": "9/18", "tier": "HR"}
{"ts": "2026-05-13T07:31:23", "step": "s7_gate", "event": "candidate", "event_name": "Yuka Matsumoto vs Sara Yoshida", "sport": "tennis", "bucket": "extended_pool", "gate_score": "9/18", "tier": "HR"}
{"ts": "2026-05-13T07:31:23", "step": "s7_gate", "event": "candidate", "event_name": "Tomoka Umeda vs Eva Marie Desvignes", "sport": "tennis", "bucket": "extended_pool", "gate_score": "9/18", "tier": "HR"}
{"ts": "2026-05-13T07:31:23", "step": "s7_gate", "event": "candidate", "event_name": "Ha Eum Lee vs Sakura Hosogi", "sport": "tennis", "bucket": "extended_pool", "gate_score": "9/18", "tier": "HR"}
{"ts": "2026-05-13T07:31:23", "step": "s7_gate", "event": "candidate", "event_name": "Vaidehi Chaudhari vs Ya-Yi Yang", "sport": "tennis", "bucket": "extended_pool", "gate_score": "9/18", "tier": "HR"}
{"ts": "2026-05-13T07:31:23", "step": "s7_gate", "event": "candidate", "event_name": "Hanna Chang vs Su-jeong Jang", "sport": "tennis", "bucket": "extended_pool", "gate_score": "9/18", "tier": "HR"}
{"ts": "2026-05-13T07:31:23", "step": "s7_gate", "event": "candidate", "event_name": "Kayo Nishimura vs Boyoung Jeong", "sport": "tennis", "bucket": "extended_pool", "gate_score": "9/18", "tier": "HR"}
{"ts": "2026-05-13T07:31:23", "step": "s7_gate", "event": "candidate", "event_name": "Malaika Rapolu vs Ikumi Yamazaki", "sport": "tennis", "bucket": "extended_pool", "gate_score": "9/18", "tier": "HR"}
{"ts": "2026-05-13T07:31:23", "step": "s7_gate", "event": "candidate", "event_name": "Rira Kosaka vs Gaeul Jang", "sport": "tennis", "bucket": "extended_pool", "gate_score": "9/18", "tier": "HR"}
{"ts": "2026-05-13T07:31:23", "step": "s7_gate", "event": "candidate", "event_name": "Eunji Lee vs Yuki Naito", "sport": "tennis", "bucket": "extended_pool", "gate_score": "9/18", "tier": "HR"}
{"ts": "2026-05-13T07:31:23", "step": "s7_gate", "event": "candidate", "event_name": "Hina Inoue vs Reina Goto", "sport": "tennis", "bucket": "extended_pool", "gate_score": "9/18", "tier": "HR"}
{"ts": "2026-05-13T07:31:23", "step": "s7_gate", "event": "candidate", "event_name": "Amelia Paszun vs Viktoria Kurz", "sport": "tennis", "bucket": "extended_pool", "gate_score": "9/18", "tier": "HR"}
{"ts": "2026-05-13T07:31:23", "step": "s7_gate", "event": "candidate", "event_name": "Carolyn Ansari vs Liel Rothensteiner", "sport": "tennis", "bucket": "extended_pool", "gate_score": "9/18", "tier": "HR"}
{"ts": "2026-05-13T07:31:23", "step": "s7_gate", "event": "candidate", "event_name": "Anna Kubareva vs Iveta Dapkutė", "sport": "tennis", "bucket": "extended_pool", "gate_score": "9/18", "tier": "HR"}
{"ts": "2026-05-13T07:31:23", "step": "s7_gate", "event": "candidate", "event_name": "Lya Isabel Fernandez Olivares vs Laia Petretic", "sport": "tennis", "bucket": "extended_pool", "gate_score": "9/18", "tier": "HR"}
{"ts": "2026-05-13T07:31:23", "step": "s7_gate", "event": "candidate", "event_name": "Rina Saigo vs Natsumi Kawaguchi", "sport": "tennis", "bucket": "extended_pool", "gate_score": "9/18", "tier": "HR"}
{"ts": "2026-05-13T07:31:23", "step": "s7_gate", "event": "candidate", "event_name": "Valentina Ryser vs Ayano Shimizu", "sport": "tennis", "bucket": "extended_pool", "gate_score": "9/18", "tier": "HR"}
{"ts": "2026-05-13T07:31:23", "step": "s7_gate", "event": "candidate", "event_name": "Yui Ohwaki vs Eri Shimizu", "sport": "tennis", "bucket": "extended_pool", "gate_score": "9/18", "tier": "HR"}
{"ts": "2026-05-13T07:31:23", "step": "s7_gate", "event": "candidate", "event_name": "Katie Swan vs Chika Miyahara", "sport": "tennis", "bucket": "extended_pool", "gate_score": "9/18", "tier": "HR"}
{"ts": "2026-05-13T07:31:23", "step": "s7_gate", "event": "candidate", "event_name": "Mio Mushika vs Junri Namigata", "sport": "tennis", "bucket": "extended_pool", "gate_score": "9/18", "tier": "HR"}
{"ts": "2026-05-13T07:31:23", "step": "s7_gate", "event": "candidate", "event_name": "Momoko Kobori vs Raluca Georgiana Serban", "sport": "tennis", "bucket": "extended_pool", "gate_score": "9/18", "tier": "HR"}
{"ts": "2026-05-13T07:31:23", "step": "s7_gate", "event": "candidate", "event_name": "Jana Kovačková vs Anna Siskova", "sport": "tennis", "bucket": "extended_pool", "gate_score": "9/18", "tier": "HR"}
{"ts": "2026-05-13T07:31:23", "step": "s7_gate", "event": "candidate", "event_name": "Kajsa Rinaldo Persson vs Teodora Kostović", "sport": "tennis", "bucket": "extended_pool", "gate_score": "9/18", "tier": "HR"}
{"ts": "2026-05-13T07:31:23", "step": "s7_gate", "event": "candidate", "event_name": "Gainare Tottori vs Reilac Shiga FC", "sport": "football", "bucket": "extended_pool", "gate_score": "10/18", "tier": "HR"}
{"ts": "2026-05-13T07:31:23", "step": "s7_gate", "event": "candidate", "event_name": "San Martín de Tucumán vs Gimnasia Jujuy", "sport": "football", "bucket": "extended_pool", "gate_score": "10/18", "tier": "HR"}
{"ts": "2026-05-13T07:31:23", "step": "s7_gate", "event": "candidate", "event_name": "Prince Albert Raiders vs Everett Silvertips", "sport": "hockey", "bucket": "extended_pool", "gate_score": "10/18", "tier": "HR"}
{"ts": "2026-05-13T07:31:23", "step": "s7_gate", "event": "candidate", "event_name": "Astros de Jalisco vs Frayles De Guasave", "sport": "basketball", "bucket": "extended_pool", "gate_score": "9/18", "tier": "HR"}
{"ts": "2026-05-13T07:31:23", "step": "s7_gate", "event": "candidate", "event_name": "Pioneros de Los Mochis vs Ángeles de la Ciudad de México", "sport": "basketball", "bucket": "extended_pool", "gate_score": "9/18", "tier": "HR"}
{"ts": "2026-05-13T07:31:23", "step": "s7_gate", "event": "candidate", "event_name": "Halcones de Ciudad Obregón vs Rayos de Hermosillo", "sport": "basketball", "bucket": "extended_pool", "gate_score": "9/18", "tier": "HR"}
{"ts": "2026-05-13T07:31:23", "step": "s7_gate", "event": "candidate", "event_name": "Ostioneros de Guaymas vs Zonkeys De Tijuana", "sport": "basketball", "bucket": "extended_pool", "gate_score": "9/18", "tier": "HR"}
{"ts": "2026-05-13T07:31:23", "step": "s7_gate", "event": "candidate", "event_name": "Venados de Mazatlán vs Toros Laguna", "sport": "basketball", "bucket": "extended_pool", "gate_score": "9/18", "tier": "HR"}
{"ts": "2026-05-13T07:31:23", "step": "s7_gate", "event": "candidate", "event_name": "Goyang Sono Skygunners vs Busan KCC Egis", "sport": "basketball", "bucket": "extended_pool", "gate_score": "9/18", "tier": "HR"}
{"ts": "2026-05-13T07:31:23", "step": "s7_gate", "event": "candidate", "event_name": "Brujos de Izalco vs Santa Tecla BC", "sport": "basketball", "bucket": "extended_pool", "gate_score": "9/18", "tier": "HR"}
{"ts": "2026-05-13T07:31:23", "step": "s7_gate", "event": "candidate", "event_name": "Salvadoreños BC vs Santiagueño BC", "sport": "basketball", "bucket": "extended_pool", "gate_score": "9/18", "tier": "HR"}
{"ts": "2026-05-13T07:31:23", "step": "s7_gate", "event": "candidate", "event_name": "Colegio De Abogados vs Escazu Comite De Baloncesto", "sport": "basketball", "bucket": "extended_pool", "gate_score": "9/18", "tier": "HR"}
{"ts": "2026-05-13T07:31:23", "step": "s7_gate", "event": "candidate", "event_name": "Coopenae Arba San Ramon vs Lh Semedes", "sport": "basketball", "bucket": "extended_pool", "gate_score": "9/18", "tier": "HR"}
{"ts": "2026-05-13T07:31:23", "step": "s7_gate", "event": "candidate", "event_name": "La Unión Colón Entre Ríos vs Santa Paula de Gálvez", "sport": "basketball", "bucket": "extended_pool", "gate_score": "9/18", "tier": "HR"}
{"ts": "2026-05-13T07:31:23", "step": "s7_gate", "event": "candidate", "event_name": "Club Atlético San Isidro vs Alianza Viedma", "sport": "basketball", "bucket": "extended_pool", "gate_score": "9/18", "tier": "HR"}
{"ts": "2026-05-13T07:31:23", "step": "s7_gate", "event": "candidate", "event_name": "Abra Weavers vs Imus Agimat", "sport": "basketball", "bucket": "extended_pool", "gate_score": "9/18", "tier": "HR"}
{"ts": "2026-05-13T07:31:23", "step": "s7_gate", "event": "candidate", "event_name": "Cebu Classic vs Sarangani Marlins", "sport": "basketball", "bucket": "extended_pool", "gate_score": "9/18", "tier": "HR"}
{"ts": "2026-05-13T07:31:23", "step": "s7_gate", "event": "candidate", "event_name": "Syllas Edipsou vs AS Anagennisi Karditsas BC", "sport": "basketball", "bucket": "extended_pool", "gate_score": "9/18", "tier": "HR"}
{"ts": "2026-05-13T07:31:23", "step": "s7_gate", "event": "candidate", "event_name": "Cangrejeros De Santurce vs Gigantes de Carolina", "sport": "basketball", "bucket": "extended_pool", "gate_score": "9/18", "tier": "HR"}
{"ts": "2026-05-13T07:31:23", "step": "s7_gate", "event": "candidate", "event_name": "Vaqueros de Bayamón vs Criollos de Caguas", "sport": "basketball", "bucket": "extended_pool", "gate_score": "9/18", "tier": "HR"}
{"ts": "2026-05-13T07:31:23", "step": "s7_gate", "event": "candidate", "event_name": "Franklin Bulls vs Manawatu Jets", "sport": "basketball", "bucket": "extended_pool", "gate_score": "9/18", "tier": "HR"}
{"ts": "2026-05-13T07:31:23", "step": "s7_gate", "event": "candidate", "event_name": "Taiwan Beer Leopards vs New Taipei Kings", "sport": "basketball", "bucket": "extended_pool", "gate_score": "9/18", "tier": "HR"}
{"ts": "2026-05-13T07:31:23", "step": "s7_gate", "event": "candidate", "event_name": "Hebraica Macabi vs Aguada", "sport": "basketball", "bucket": "extended_pool", "gate_score": "9/18", "tier": "HR"}
{"ts": "2026-05-13T07:31:23", "step": "s7_gate", "event": "candidate", "event_name": "Hillcrest Grays vs Proform", "sport": "basketball", "bucket": "extended_pool", "gate_score": "9/18", "tier": "HR"}
{"ts": "2026-05-13T07:31:23", "step": "s7_gate", "event": "candidate", "event_name": "Joshua Charlton vs Ognjen Milić", "sport": "tennis", "bucket": "extended_pool", "gate_score": "9/18", "tier": "HR"}
{"ts": "2026-05-13T07:31:23", "step": "s7_gate", "event": "candidate", "event_name": "Keegan Smith vs Dominik Palan", "sport": "tennis", "bucket": "extended_pool", "gate_score": "9/18", "tier": "HR"}
{"ts": "2026-05-13T07:31:23", "step": "s7_gate", "event": "candidate", "event_name": "Sasikumar Mukund vs Hamish Stewart", "sport": "tennis", "bucket": "extended_pool", "gate_score": "9/18", "tier": "HR"}
{"ts": "2026-05-13T07:31:23", "step": "s7_gate", "event": "candidate", "event_name": "Ilya Ivashka vs Kokoro Isomura", "sport": "tennis", "bucket": "extended_pool", "gate_score": "9/18", "tier": "HR"}
{"ts": "2026-05-13T07:31:23", "step": "s7_gate", "event": "candidate", "event_name": "Alastair Gray vs Manish Sureshkumar", "sport": "tennis", "bucket": "extended_pool", "gate_score": "9/18", "tier": "HR"}
{"ts": "2026-05-13T07:31:23", "step": "s7_gate", "event": "candidate", "event_name": "Christopher Papa vs Philip Sekulic", "sport": "tennis", "bucket": "extended_pool", "gate_score": "9/18", "tier": "HR"}
{"ts": "2026-05-13T07:31:23", "step": "s7_gate", "event": "candidate", "event_name": "Yuta Kawahashi vs Kriish Tyagi", "sport": "tennis", "bucket": "extended_pool", "gate_score": "9/18", "tier": "HR"}
{"ts": "2026-05-13T07:31:23", "step": "s7_gate", "event": "candidate", "event_name": "Dalibor Svrčina vs Tristan Boyer", "sport": "tennis", "bucket": "extended_pool", "gate_score": "9/18", "tier": "HR"}
{"ts": "2026-05-13T07:31:23", "step": "s7_gate", "event": "candidate", "event_name": "Gilles Arnaud Bailly vs Daniil Glinka", "sport": "tennis", "bucket": "extended_pool", "gate_score": "9/18", "tier": "HR"}
{"ts": "2026-05-13T07:31:23", "step": "s7_gate", "event": "candidate", "event_name": "Joel Schwaerzler vs Federico Cinà", "sport": "tennis", "bucket": "extended_pool", "gate_score": "9/18", "tier": "HR"}
{"ts": "2026-05-13T07:31:23", "step": "s7_gate", "event": "candidate", "event_name": "Max Houkes vs Inaki Montes-de la Torre", "sport": "tennis", "bucket": "extended_pool", "gate_score": "9/18", "tier": "HR"}
{"ts": "2026-05-13T07:31:23", "step": "s7_gate", "event": "candidate", "event_name": "Timeo Bretin vs Pierre Antoine Tailleu", "sport": "tennis", "bucket": "extended_pool", "gate_score": "9/18", "tier": "HR"}
{"ts": "2026-05-13T07:31:23", "step": "s7_gate", "event": "candidate", "event_name": "Lenny Galley vs Yassine Smiej", "sport": "tennis", "bucket": "extended_pool", "gate_score": "9/18", "tier": "HR"}
{"ts": "2026-05-13T07:31:23", "step": "s7_gate", "event": "candidate", "event_name": "Louka Krynen vs Lucas Bouquet", "sport": "tennis", "bucket": "extended_pool", "gate_score": "9/18", "tier": "HR"}
{"ts": "2026-05-13T07:31:23", "step": "s7_gate", "event": "candidate", "event_name": "Gabriel Jacquemin vs Jim Hendrikx", "sport": "tennis", "bucket": "extended_pool", "gate_score": "9/18", "tier": "HR"}
{"ts": "2026-05-13T07:31:23", "step": "s7_gate", "event": "candidate", "event_name": "Filip Malis vs Marwan Haida-Lamrani", "sport": "tennis", "bucket": "extended_pool", "gate_score": "9/18", "tier": "HR"}
{"ts": "2026-05-13T07:31:23", "step": "s7_gate", "event": "candidate", "event_name": "Jules Auffray vs Sacha Grandvincent", "sport": "tennis", "bucket": "extended_pool", "gate_score": "9/18", "tier": "HR"}
{"ts": "2026-05-13T07:31:23", "step": "s7_gate", "event": "candidate", "event_name": "Noah Boutleux vs Joris Moret", "sport": "tennis", "bucket": "extended_pool", "gate_score": "9/18", "tier": "HR"}
{"ts": "2026-05-13T07:31:23", "step": "s7_gate", "event": "candidate", "event_name": "Luca Connaughton vs Casey Ambler", "sport": "tennis", "bucket": "extended_pool", "gate_score": "9/18", "tier": "HR"}
{"ts": "2026-05-13T07:31:23", "step": "s7_gate", "event": "candidate", "event_name": "Nikolas Baker vs Wihan van der Merwe", "sport": "tennis", "bucket": "extended_pool", "gate_score": "9/18", "tier": "HR"}
{"ts": "2026-05-13T07:31:23", "step": "s7_gate", "event": "candidate", "event_name": "Jeremy Beale vs Arjun Balakrishnan", "sport": "tennis", "bucket": "extended_pool", "gate_score": "9/18", "tier": "HR"}
{"ts": "2026-05-13T07:31:23", "step": "s7_gate", "event": "candidate", "event_name": "Sam Wensley vs Emmanuel Valsamis", "sport": "tennis", "bucket": "extended_pool", "gate_score": "9/18", "tier": "HR"}
{"ts": "2026-05-13T07:31:23", "step": "s7_gate", "event": "candidate", "event_name": "Aryan Karnani vs Jera Staley", "sport": "tennis", "bucket": "extended_pool", "gate_score": "9/18", "tier": "HR"}
{"ts": "2026-05-13T07:31:23", "step": "s7_gate", "event": "candidate", "event_name": "Brendan Loh vs Hugo Castello", "sport": "tennis", "bucket": "extended_pool", "gate_score": "9/18", "tier": "HR"}
{"ts": "2026-05-13T07:31:23", "step": "s7_gate", "event": "candidate", "event_name": "Isabella Crossman vs Belle Thompson", "sport": "tennis", "bucket": "extended_pool", "gate_score": "9/18", "tier": "HR"}
{"ts": "2026-05-13T07:31:23", "step": "s7_gate", "event": "candidate", "event_name": "Kaylah McPhee vs Jasmine Adams", "sport": "tennis", "bucket": "extended_pool", "gate_score": "9/18", "tier": "HR"}
{"ts": "2026-05-13T07:31:23", "step": "s7_gate", "event": "candidate", "event_name": "Nikita Desai vs Aliyah Dwyer", "sport": "tennis", "bucket": "extended_pool", "gate_score": "9/18", "tier": "HR"}
{"ts": "2026-05-13T07:31:23", "step": "s7_gate", "event": "candidate", "event_name": "Sara Mickoska vs Marfa Solovei", "sport": "tennis", "bucket": "extended_pool", "gate_score": "9/18", "tier": "HR"}
{"ts": "2026-05-13T07:31:23", "step": "s7_gate", "event": "candidate", "event_name": "Caitlin Baker vs Arabelle Mancini", "sport": "tennis", "bucket": "extended_pool", "gate_score": "9/18", "tier": "HR"}
{"ts": "2026-05-13T07:31:23", "step": "s7_gate", "event": "candidate", "event_name": "Charlotte Vanstone McGrath vs Lexie Weir", "sport": "tennis", "bucket": "extended_pool", "gate_score": "9/18", "tier": "HR"}
{"ts": "2026-05-13T07:31:23", "step": "s7_gate", "event": "candidate", "event_name": "Mahta Khanloo vs Grace Cadwallader", "sport": "tennis", "bucket": "extended_pool", "gate_score": "9/18", "tier": "HR"}
{"ts": "2026-05-13T07:31:23", "step": "s7_gate", "event": "candidate", "event_name": "Miles Clark vs Benjamin Berger", "sport": "tennis", "bucket": "extended_pool", "gate_score": "9/18", "tier": "HR"}
{"ts": "2026-05-13T07:31:23", "step": "s7_gate", "event": "candidate", "event_name": "Adam Bain vs Liam Alvarez", "sport": "tennis", "bucket": "extended_pool", "gate_score": "9/18", "tier": "HR"}
{"ts": "2026-05-13T07:31:23", "step": "s7_gate", "event": "candidate", "event_name": "Mia Soso vs Veronica Miroshnichenko", "sport": "tennis", "bucket": "extended_pool", "gate_score": "9/18", "tier": "HR"}
{"ts": "2026-05-13T07:31:23", "step": "s7_gate", "event": "candidate", "event_name": "Zoe Olmos vs Hana Gamracy", "sport": "tennis", "bucket": "extended_pool", "gate_score": "9/18", "tier": "HR"}
{"ts": "2026-05-13T07:31:23", "step": "s7_gate", "event": "candidate", "event_name": "Charlize Celebrini vs Sophia Dumitrascu", "sport": "tennis", "bucket": "extended_pool", "gate_score": "9/18", "tier": "HR"}
{"ts": "2026-05-13T07:31:23", "step": "s7_gate", "event": "candidate", "event_name": "Vishal Prakash vs Thanh Minh Truong", "sport": "tennis", "bucket": "extended_pool", "gate_score": "9/18", "tier": "HR"}
{"ts": "2026-05-13T07:31:23", "step": "s7_gate", "event": "candidate", "event_name": "Jacob Kailiang Shen vs Ke Hau Hung", "sport": "tennis", "bucket": "extended_pool", "gate_score": "9/18", "tier": "HR"}
{"ts": "2026-05-13T07:31:23", "step": "s7_gate", "event": "candidate", "event_name": "Jacob Kailiang Shen vs Vishal Gautam", "sport": "tennis", "bucket": "extended_pool", "gate_score": "9/18", "tier": "HR"}
{"ts": "2026-05-13T07:31:23", "step": "s7_gate", "event": "candidate", "event_name": "Alexander Chepik vs Tarun Karra", "sport": "tennis", "bucket": "extended_pool", "gate_score": "9/18", "tier": "HR"}
{"ts": "2026-05-13T07:31:23", "step": "s7_gate", "event": "candidate", "event_name": "Alex Knaff vs Euan McIntosh", "sport": "tennis", "bucket": "extended_pool", "gate_score": "9/18", "tier": "HR"}
{"ts": "2026-05-13T07:31:23", "step": "s7_gate", "event": "candidate", "event_name": "Alex Knaff vs Ben Hudson", "sport": "tennis", "bucket": "extended_pool", "gate_score": "9/18", "tier": "HR"}
{"ts": "2026-05-13T07:31:23", "step": "s7_gate", "event": "candidate", "event_name": "Kyle McKay vs Euan McIntosh", "sport": "tennis", "bucket": "extended_pool", "gate_score": "9/18", "tier": "HR"}
{"ts": "2026-05-13T07:31:23", "step": "s7_gate", "event": "candidate", "event_name": "Nicola Cigna vs Euan McIntosh", "sport": "tennis", "bucket": "extended_pool", "gate_score": "9/18", "tier": "HR"}
{"ts": "2026-05-13T07:31:23", "step": "s7_gate", "event": "candidate", "event_name": "Nicola Cigna vs Ben Hudson", "sport": "tennis", "bucket": "extended_pool", "gate_score": "9/18", "tier": "HR"}
{"ts": "2026-05-13T07:31:23", "step": "s7_gate", "event": "candidate", "event_name": "Kyle McKay vs Alex Knaff", "sport": "tennis", "bucket": "extended_pool", "gate_score": "9/18", "tier": "HR"}
{"ts": "2026-05-13T07:31:23", "step": "s7_gate", "event": "candidate", "event_name": "Finlay Watters vs Alvar Lange", "sport": "tennis", "bucket": "extended_pool", "gate_score": "9/18", "tier": "HR"}
{"ts": "2026-05-13T07:31:23", "step": "s7_gate", "event": "candidate", "event_name": "Liam Hignett vs Ewen Lumsden", "sport": "tennis", "bucket": "extended_pool", "gate_score": "9/18", "tier": "HR"}
{"ts": "2026-05-13T07:31:23", "step": "s7_gate", "event": "candidate", "event_name": "Thomas Pudney vs Ewen Lumsden", "sport": "tennis", "bucket": "extended_pool", "gate_score": "9/18", "tier": "HR"}
{"ts": "2026-05-13T07:31:23", "step": "s7_gate", "event": "candidate", "event_name": "Thomas Pudney vs Alvar Lange", "sport": "tennis", "bucket": "extended_pool", "gate_score": "9/18", "tier": "HR"}
{"ts": "2026-05-13T07:31:23", "step": "s7_gate", "event": "candidate", "event_name": "Axel Frechet vs Cian McDonnell", "sport": "tennis", "bucket": "extended_pool", "gate_score": "9/18", "tier": "HR"}
{"ts": "2026-05-13T07:31:23", "step": "s7_gate", "event": "candidate", "event_name": "Axel Frechet vs Conor Flynn", "sport": "tennis", "bucket": "extended_pool", "gate_score": "9/18", "tier": "HR"}
{"ts": "2026-05-13T07:31:23", "step": "s7_gate", "event": "candidate", "event_name": "Tyler Stice vs Cian McDonnell", "sport": "tennis", "bucket": "extended_pool", "gate_score": "9/18", "tier": "HR"}
{"ts": "2026-05-13T07:31:23", "step": "s7_gate", "event": "candidate", "event_name": "William McLennaghan vs Axel Frechet", "sport": "tennis", "bucket": "extended_pool", "gate_score": "9/18", "tier": "HR"}
{"ts": "2026-05-13T07:31:23", "step": "s7_gate", "event": "candidate", "event_name": "William McLennaghan vs Conor Flynn", "sport": "tennis", "bucket": "extended_pool", "gate_score": "9/18", "tier": "HR"}
{"ts": "2026-05-13T07:31:23", "step": "s7_gate", "event": "candidate", "event_name": "Tyler Stice vs Conor Flynn", "sport": "tennis", "bucket": "extended_pool", "gate_score": "9/18", "tier": "HR"}
{"ts": "2026-05-13T07:31:23", "step": "s7_gate", "event": "candidate", "event_name": "Cameron Fryer vs Dylan Leeman", "sport": "tennis", "bucket": "extended_pool", "gate_score": "9/18", "tier": "HR"}
{"ts": "2026-05-13T07:31:23", "step": "s7_gate", "event": "candidate", "event_name": "Cameron Fryer vs James Mackinlay", "sport": "tennis", "bucket": "extended_pool", "gate_score": "9/18", "tier": "HR"}
{"ts": "2026-05-13T07:31:23", "step": "s7_gate", "event": "candidate", "event_name": "Robert Cowley vs Dylan Leeman", "sport": "tennis", "bucket": "extended_pool", "gate_score": "9/18", "tier": "HR"}
{"ts": "2026-05-13T07:31:23", "step": "s7_gate", "event": "candidate", "event_name": "Samuel Zlotnik vs James Mackinlay", "sport": "tennis", "bucket": "extended_pool", "gate_score": "9/18", "tier": "HR"}
{"ts": "2026-05-13T07:31:23", "step": "s7_gate", "event": "candidate", "event_name": "Estella Jaeger vs Alma Abazi", "sport": "tennis", "bucket": "extended_pool", "gate_score": "9/18", "tier": "HR"}
{"ts": "2026-05-13T07:31:23", "step": "s7_gate", "event": "candidate", "event_name": "Estella Jaeger vs Katherine Barnes", "sport": "tennis", "bucket": "extended_pool", "gate_score": "9/18", "tier": "HR"}
{"ts": "2026-05-13T07:31:23", "step": "s7_gate", "event": "candidate", "event_name": "Kate Gardiner vs Alma Abazi", "sport": "tennis", "bucket": "extended_pool", "gate_score": "9/18", "tier": "HR"}
{"ts": "2026-05-13T07:31:23", "step": "s7_gate", "event": "candidate", "event_name": "Terezia Baraniakova vs Katherine Barnes", "sport": "tennis", "bucket": "extended_pool", "gate_score": "9/18", "tier": "HR"}
{"ts": "2026-05-13T07:31:23", "step": "s7_gate", "event": "candidate", "event_name": "Terezia Baraniakova vs Estella Jaeger", "sport": "tennis", "bucket": "extended_pool", "gate_score": "9/18", "tier": "HR"}
{"ts": "2026-05-13T07:31:23", "step": "s7_gate", "event": "candidate", "event_name": "Fanny Pire vs Freya Christie", "sport": "tennis", "bucket": "extended_pool", "gate_score": "9/18", "tier": "HR"}
{"ts": "2026-05-13T07:31:23", "step": "s7_gate", "event": "candidate", "event_name": "Madison Frahn vs Freya Christie", "sport": "tennis", "bucket": "extended_pool", "gate_score": "9/18", "tier": "HR"}
{"ts": "2026-05-13T07:31:23", "step": "s7_gate", "event": "candidate", "event_name": "Madison Frahn vs Fanny Pire", "sport": "tennis", "bucket": "extended_pool", "gate_score": "9/18", "tier": "HR"}
{"ts": "2026-05-13T07:31:23", "step": "s7_gate", "event": "candidate", "event_name": "Leticia Romanova vs Alice Zelley", "sport": "tennis", "bucket": "extended_pool", "gate_score": "9/18", "tier": "HR"}
{"ts": "2026-05-13T07:31:23", "step": "s7_gate", "event": "candidate", "event_name": "Leticia Romanova vs Mille Haagensen", "sport": "tennis", "bucket": "extended_pool", "gate_score": "9/18", "tier": "HR"}
{"ts": "2026-05-13T07:31:23", "step": "s7_gate", "event": "candidate", "event_name": "Michelle Dzjachangirova vs Mille Haagensen", "sport": "tennis", "bucket": "extended_pool", "gate_score": "9/18", "tier": "HR"}
{"ts": "2026-05-13T07:31:23", "step": "s7_gate", "event": "candidate", "event_name": "Michelle Dzjachangirova vs Alice Zelley", "sport": "tennis", "bucket": "extended_pool", "gate_score": "9/18", "tier": "HR"}
{"ts": "2026-05-13T07:31:23", "step": "s7_gate", "event": "candidate", "event_name": "Sophie Ehrenbergerova vs Mille Haagensen", "sport": "tennis", "bucket": "extended_pool", "gate_score": "9/18", "tier": "HR"}
{"ts": "2026-05-13T07:31:23", "step": "s7_gate", "event": "candidate", "event_name": "Aadya Iyer vs Emma Sawkings", "sport": "tennis", "bucket": "extended_pool", "gate_score": "9/18", "tier": "HR"}
{"ts": "2026-05-13T07:31:23", "step": "s7_gate", "event": "candidate", "event_name": "Aadya Iyer vs Izzy Burrow", "sport": "tennis", "bucket": "extended_pool", "gate_score": "9/18", "tier": "HR"}
{"ts": "2026-05-13T07:31:23", "step": "s7_gate", "event": "candidate", "event_name": "Ema Baraniakova vs Izzy Burrow", "sport": "tennis", "bucket": "extended_pool", "gate_score": "9/18", "tier": "HR"}
{"ts": "2026-05-13T07:31:23", "step": "s7_gate", "event": "candidate", "event_name": "Jessica Gear vs Emma Sawkings", "sport": "tennis", "bucket": "extended_pool", "gate_score": "9/18", "tier": "HR"}
{"ts": "2026-05-13T07:31:23", "step": "s7_gate", "event": "candidate", "event_name": "Damir Džumhur vs Alejo Sanchez Quilez", "sport": "tennis", "bucket": "extended_pool", "gate_score": "9/18", "tier": "HR"}
{"ts": "2026-05-13T07:31:23", "step": "s7_gate", "event": "candidate", "event_name": "Thiago Seyboth Wild vs Daniel Elahi Galan", "sport": "tennis", "bucket": "extended_pool", "gate_score": "9/18", "tier": "HR"}
{"ts": "2026-05-13T07:31:23", "step": "s7_gate", "event": "candidate", "event_name": "Zhejiang Guangsha Lions vs Shanxi Loongs", "sport": "basketball", "bucket": "extended_pool", "gate_score": "9/18", "tier": "HR"}
{"ts": "2026-05-13T07:31:23", "step": "s7_gate", "event": "candidate", "event_name": "Hanne Vandewinkel vs Dayana Yastremska", "sport": "tennis", "bucket": "rejected", "gate_score": "12/18", "tier": "HR"}
{"ts": "2026-05-13T07:31:23", "step": "s7_gate", "event": "candidate", "event_name": "Shuai Zhang vs Yuliia Starodubtseva", "sport": "tennis", "bucket": "rejected", "gate_score": "12/18", "tier": "HR"}
{"ts": "2026-05-13T07:31:23", "step": "s7_gate", "event": "candidate", "event_name": "Seongwoo Cho vs Jeong-An Kim", "sport": "tennis", "bucket": "rejected", "gate_score": "12/18", "tier": "HR"}
{"ts": "2026-05-13T07:31:23", "step": "s7_gate", "event": "candidate", "event_name": "Xinke Cui vs SU Jin Kim", "sport": "tennis", "bucket": "rejected", "gate_score": "11/18", "tier": "HR"}
{"ts": "2026-05-13T07:31:23", "step": "s7_gate", "event": "candidate", "event_name": "Dabin Kim vs Erika Sema", "sport": "tennis", "bucket": "rejected", "gate_score": "11/18", "tier": "HR"}
{"ts": "2026-05-13T07:31:23", "step": "s7_gate", "event": "candidate", "event_name": "Dora Mišković vs Ayla Aksu", "sport": "tennis", "bucket": "rejected", "gate_score": "11/18", "tier": "HR"}
{"ts": "2026-05-13T07:31:23", "step": "s7_gate", "event": "candidate", "event_name": "Yun Seong Chung vs Dong Ju Kim", "sport": "tennis", "bucket": "rejected", "gate_score": "11/18", "tier": "HR"}
{"ts": "2026-05-13T07:31:23", "step": "s7_gate", "event": "candidate", "event_name": "Oh Chan-Yeong vs Wonmin Kim", "sport": "tennis", "bucket": "rejected", "gate_score": "11/18", "tier": "HR"}
{"ts": "2026-05-13T07:31:23", "step": "s7_gate", "event": "candidate", "event_name": "Geun Jun Kim vs Kazuma Kawachi", "sport": "tennis", "bucket": "rejected", "gate_score": "11/18", "tier": "HR"}
{"ts": "2026-05-13T07:31:23", "step": "s7_gate", "event": "candidate", "event_name": "Cherry Kim vs Hana Matsumura", "sport": "tennis", "bucket": "rejected", "gate_score": "11/18", "tier": "HR"}
{"ts": "2026-05-13T07:31:23", "step": "s7_gate", "event": "candidate", "event_name": "Aliaksandra Sasnovich vs Anna Blinkova", "sport": "tennis", "bucket": "rejected", "gate_score": "12/18", "tier": "HR"}
{"ts": "2026-05-13T07:31:23", "step": "s7_gate", "event": "candidate", "event_name": "Jessica Pegula vs Iga Swiatek", "sport": "tennis", "bucket": "rejected", "gate_score": "11/18", "tier": "HR"}
{"ts": "2026-05-13T07:31:23", "step": "s7_gate", "event": "candidate", "event_name": "Tomas Rengel Sierra vs Mikail Alimli", "sport": "tennis", "bucket": "rejected", "gate_score": "10/18", "tier": "HR"}
{"ts": "2026-05-13T07:31:23", "step": "s7_gate", "event": "candidate", "event_name": "Gyeong Seo Lee vs Yuhan Liu", "sport": "tennis", "bucket": "rejected", "gate_score": "10/18", "tier": "HR"}
{"ts": "2026-05-13T07:31:23", "step": "s7_gate", "event": "candidate", "event_name": "Yaojie Zeng vs Xing Dao Chen", "sport": "tennis", "bucket": "rejected", "gate_score": "10/18", "tier": "HR"}
{"ts": "2026-05-13T07:31:23", "step": "s7_gate", "event": "candidate", "event_name": "Botic Van de Zandschulp vs Quentin Halys", "sport": "tennis", "bucket": "rejected", "gate_score": "11/18", "tier": "HR"}
{"ts": "2026-05-13T07:31:23", "step": "s7_gate", "event": "candidate", "event_name": "Lucrezia Stefanini vs Polona Hercog", "sport": "tennis", "bucket": "rejected", "gate_score": "11/18", "tier": "HR"}
{"ts": "2026-05-13T07:31:23", "step": "s7_gate", "event": "candidate", "event_name": "Colton Smith vs Jack Pinnington Jones", "sport": "tennis", "bucket": "rejected", "gate_score": "11/18", "tier": "HR"}
{"ts": "2026-05-13T07:31:23", "step": "s7_gate", "event": "candidate", "event_name": "Tomás Barrios Vera vs Nishesh Basavareddy", "sport": "tennis", "bucket": "rejected", "gate_score": "11/18", "tier": "HR"}
{"ts": "2026-05-13T07:31:23", "step": "s7_gate", "event": "candidate", "event_name": "Nicolas Robert vs Conor Gannon", "sport": "tennis", "bucket": "rejected", "gate_score": "9/18", "tier": "HR"}
{"ts": "2026-05-13T07:31:23", "step": "s7_gate", "event": "candidate", "event_name": "Ye Cong Mo vs Natsuki Yamamoto", "sport": "tennis", "bucket": "rejected", "gate_score": "9/18", "tier": "HR"}
{"ts": "2026-05-13T07:31:23", "step": "s7_gate", "event": "candidate", "event_name": "Gabriela Knutson vs Caroline Werner", "sport": "tennis", "bucket": "rejected", "gate_score": "11/18", "tier": "HR"}
{"ts": "2026-05-13T07:31:23", "step": "s7_gate", "event": "candidate", "event_name": "Emma Navarro vs Katie Volynets", "sport": "tennis", "bucket": "rejected", "gate_score": "10/18", "tier": "HR"}
{"ts": "2026-05-13T07:31:23", "step": "s7_gate", "event": "candidate", "event_name": "Lucia Bronzetti vs Camila Osorio", "sport": "tennis", "bucket": "rejected", "gate_score": "11/18", "tier": "HR"}
{"ts": "2026-05-13T07:31:23", "step": "s7_gate", "event": "candidate", "event_name": "Martin Damm Jr vs Grigor Dimitrov", "sport": "tennis", "bucket": "rejected", "gate_score": "11/18", "tier": "HR"}
{"ts": "2026-05-13T07:31:23", "step": "s7_gate", "event": "candidate", "event_name": "Rei Sakamoto vs Alexandre Muller", "sport": "tennis", "bucket": "rejected", "gate_score": "11/18", "tier": "HR"}
{"ts": "2026-05-13T07:31:23", "step": "s7_gate", "event": "candidate", "event_name": "Jing-Jing Lu vs Sunam Jeong", "sport": "tennis", "bucket": "rejected", "gate_score": "10/18", "tier": "HR"}
{"ts": "2026-05-13T07:31:23", "step": "s7_gate", "event": "candidate", "event_name": "Yuttana Charoenphon vs Ha Minh Duc Vu", "sport": "tennis", "bucket": "rejected", "gate_score": "10/18", "tier": "HR"}
{"ts": "2026-05-13T07:31:23", "step": "s7_gate", "event": "candidate", "event_name": "Fanny Pire vs Cheyenne Joyce Borg", "sport": "tennis", "bucket": "rejected", "gate_score": "9/18", "tier": "HR"}
{"ts": "2026-05-13T07:31:23", "step": "s7_gate", "event": "candidate", "event_name": "Halle Pringle vs Cheyenne Joyce Borg", "sport": "tennis", "bucket": "rejected", "gate_score": "9/18", "tier": "HR"}
{"ts": "2026-05-13T07:31:23", "step": "s7_gate", "event": "candidate", "event_name": "Ye Chen vs Jesse Delaney", "sport": "tennis", "bucket": "rejected", "gate_score": "10/18", "tier": "HR"}
{"ts": "2026-05-13T07:31:23", "step": "s7_gate", "event": "candidate", "event_name": "Nicola Ion vs Evgeny Karlovskiy", "sport": "tennis", "bucket": "rejected", "gate_score": "9/18", "tier": "HR"}
{"ts": "2026-05-13T07:31:23", "step": "s7_gate", "event": "candidate", "event_name": "Yan Cheng Chen vs Weiyi Kong", "sport": "tennis", "bucket": "rejected", "gate_score": "10/18", "tier": "HR"}
{"ts": "2026-05-13T07:31:23", "step": "s7_gate", "event": "candidate", "event_name": "Meng Yi Chen vs Dami Lee", "sport": "tennis", "bucket": "rejected", "gate_score": "10/18", "tier": "HR"}
{"ts": "2026-05-13T07:31:23", "step": "s7_gate", "event": "candidate", "event_name": "Valentino de Pellegrin vs Lachlan King", "sport": "tennis", "bucket": "rejected", "gate_score": "10/18", "tier": "HR"}
{"ts": "2026-05-13T07:31:23", "step": "s7_gate", "event": "candidate", "event_name": "Min Ho Ko vs Pietro Orlando Fellin", "sport": "tennis", "bucket": "rejected", "gate_score": "9/18", "tier": "HR"}
{"ts": "2026-05-13T07:31:23", "step": "s7_gate", "event": "candidate", "event_name": "Gio Jang vs Jiayi Wang", "sport": "tennis", "bucket": "rejected", "gate_score": "10/18", "tier": "HR"}
{"ts": "2026-05-13T07:31:23", "step": "s7_gate", "event": "candidate", "event_name": "Meiqi Guo vs Rinon Okuwaki", "sport": "tennis", "bucket": "rejected", "gate_score": "9/18", "tier": "HR"}
{"ts": "2026-05-13T07:31:23", "step": "s7_gate", "event": "candidate", "event_name": "Yulia Zhytelna vs Victoria Wang", "sport": "tennis", "bucket": "rejected", "gate_score": "10/18", "tier": "HR"}
{"ts": "2026-05-13T07:31:23", "step": "s7_gate", "event": "candidate", "event_name": "Funa Kozaki vs Im Hee Rae", "sport": "tennis", "bucket": "rejected", "gate_score": "9/18", "tier": "HR"}
{"ts": "2026-05-13T07:31:23", "step": "s7_gate", "event": "candidate", "event_name": "Minhthien Nguyen vs Radu Ioan PoPa", "sport": "tennis", "bucket": "rejected", "gate_score": "10/18", "tier": "HR"}
{"ts": "2026-05-13T07:31:23", "step": "s7_gate", "event": "candidate", "event_name": "Shiho Shibata vs Pauline MA", "sport": "tennis", "bucket": "rejected", "gate_score": "10/18", "tier": "HR"}

AGENT_SUMMARY:{"step": "s7_gate", "verdict": "OK", "metrics": {"total": 340, "approved": 79, "extended": 219, "rejected": 42, "sport_diversity": "Low diversity: 4 sports (basketball, football, hockey, tennis). Consider expanding scan to: volleyball"}, "issues": [], "counts": {"errors": 0, "warnings": 0}, "ts": "2026-05-13T07:31:23"}
