=== UPCOMING EVENTS FROM S7 GATE RESULTS ===
Total matched up: 71
[2026-05-12T20:00:00+00:00] football - None - EV: None
[2026-05-12T22:00:00+02:00] football - None - EV: None
[2026-05-12T20:00:00+00:00] football - None - EV: None
[2026-05-12T20:00:00+00:00] tennis - None - EV: None
[2026-05-12T20:00:00+00:00] tennis - None - EV: None
[2026-05-12T20:00:00+00:00] tennis - None - EV: None
[2026-05-12T20:00:00+00:00] tennis - None - EV: None
[2026-05-12T20:30:00+00:00] basketball - None - EV: None
[2026-05-12T20:45:00+00:00] basketball - None - EV: None
[2026-05-12T20:45:00+00:00] volleyball - None - EV: None
[2026-05-12T23:00:00+02:00] football - None - EV: None
[2026-05-12T23:00:00+02:00] football - None - EV: None
[2026-05-12T23:00:00+02:00] football - None - EV: None
[2026-05-12T21:00:00+00:00] football - None - EV: None
[2026-05-12T21:00:00+00:00] football - None - EV: None
[2026-05-12T21:00:00+00:00] basketball - None - EV: None
[2026-05-12T21:00:00+00:00] tennis - None - EV: None
[2026-05-12T21:00:00+00:00] tennis - None - EV: None
[2026-05-12T21:00:00+00:00] tennis - None - EV: None
[2026-05-12T21:20:00+00:00] basketball - None - EV: None
[2026-05-12T23:30:00+02:00] football - None - EV: None
[2026-05-12T23:30:00+02:00] football - None - EV: None
[2026-05-12T23:30:00+02:00] football - None - EV: None
[2026-05-12T23:30:00+02:00] football - None - EV: None
[2026-05-12T23:30:00+02:00] football - None - EV: None
[2026-05-12T22:00:00+00:00] football - None - EV: None
[2026-05-12T22:00:00+00:00] football - None - EV: None
[2026-05-12T22:00:00+00:00] basketball - None - EV: None
[2026-05-12T22:00:00+00:00] football - None - EV: None
[2026-05-12T22:00:00+00:00] football - None - EV: None
[2026-05-12T22:00:00+00:00] football - None - EV: None
[2026-05-12T22:00:00+00:00] basketball - None - EV: None
[2026-05-12T22:00:00+00:00] basketball - None - EV: None
[2026-05-12T22:00:00+00:00] basketball - None - EV: None
[2026-05-12T22:00:00+00:00] football - None - EV: None
[2026-05-12T22:00:00+00:00] tennis - None - EV: None
[2026-05-12T22:00:00+00:00] tennis - None - EV: None
[2026-05-12T22:00:00+00:00] tennis - None - EV: None
[2026-05-12T22:00:00+00:00] tennis - None - EV: None
[2026-05-12T22:00:00Z] football - None - EV: None
[2026-05-12T22:15:00+00:00] basketball - None - EV: None
[2026-05-12T22:15:00+00:00] basketball - None - EV: None
[2026-05-12T22:30:00+00:00] football - None - EV: None
[2026-05-12T22:30:00+00:00] football - None - EV: None
[2026-05-12T22:30:00+00:00] football - None - EV: None
[2026-05-12T23:00:00+00:00] hockey - None - EV: None
[2026-05-12T23:00:00+00:00] hockey - None - EV: None
[2026-05-12T23:00:00+00:00] hockey - None - EV: None
[2026-05-12T23:00:00+00:00] football - None - EV: None
[2026-05-12T23:00:00+00:00] hockey - None - EV: None
[2026-05-12T23:00:00+00:00] hockey - None - EV: None
[2026-05-12T23:00:00+00:00] hockey - None - EV: None
[2026-05-12T23:00:00+00:00] hockey - None - EV: None
[2026-05-12T23:00:00+00:00] football - None - EV: None
[2026-05-12T23:00:00+00:00] football - None - EV: None
[2026-05-12T23:00:00+00:00] football - None - EV: None
[2026-05-12T23:00:00+00:00] football - None - EV: None
[2026-05-12T23:00:00+00:00] tennis - None - EV: None
[2026-05-12T23:00:00+00:00] tennis - None - EV: None
[2026-05-12T23:00:00+00:00] tennis - None - EV: None
[2026-05-12T23:05:00+00:00] hockey - None - EV: None
[2026-05-12T23:05:00+00:00] hockey - None - EV: None
[2026-05-12T23:05:00Z] hockey - None - EV: None
[2026-05-12T23:10:00Z] hockey - None - EV: None
[2026-05-12T23:15:00+00:00] hockey - None - EV: None
[2026-05-12T23:15:23+00:00] tennis - None - EV: None
[2026-05-12T23:20:00+00:00] football - None - EV: None
[2026-05-12T23:20:00+00:00] football - None - EV: None
[2026-05-12T23:30:00+00:00] football - None - EV: None
[2026-05-12T23:30:00+00:00] football - None - EV: None
[2026-05-12T23:30:00+00:00] basketball - None - EV: None
